-------------------------------------------------------------------------------
Test set: TestSuite
-------------------------------------------------------------------------------
Tests run: 1, Failures: 1, Errors: 0, Skipped: 0, Time elapsed: 38.804 sec <<< FAILURE! - in TestSuite
purchaseFreeCourseForMySelfFunctionality(com.zinghr.login.index.LoginIndex)  Time elapsed: 0.05 sec  <<< FAILURE!
java.lang.AssertionError: expected [true] but found [false]
	at org.testng.Assert.fail(Assert.java:94)
	at org.testng.Assert.failNotEquals(Assert.java:494)
	at org.testng.Assert.assertTrue(Assert.java:42)
	at org.testng.Assert.assertTrue(Assert.java:52)
	at com.zinghr.login.index.LoginIndex.purchaseFreeCourseForMySelfFunctionality(LoginIndex.java:24)

