<!DOCTYPE html PUBLIC "-//W3C//DTD XHTML 1.1//EN" "http://www.w3.org/TR/xhtml11/DTD/xhtml11.dtd">
<html xmlns="http://www.w3.org/1999/xhtml"><head><title>TestNG Report</title><style type="text/css">table {margin-bottom:10px;border-collapse:collapse;empty-cells:show}th,td {border:1px solid #009;padding:.25em .5em}th {vertical-align:bottom}td {vertical-align:top}table a {font-weight:bold}.stripe td {background-color: #E6EBF9}.num {text-align:right}.passedodd td {background-color: #3F3}.passedeven td {background-color: #0A0}.skippedodd td {background-color: #DDD}.skippedeven td {background-color: #CCC}.failedodd td,.attn {background-color: #F33}.failedeven td,.stripe .attn {background-color: #D00}.stacktrace {white-space:pre;font-family:monospace}.totop {font-size:85%;text-align:center;border-bottom:2px solid #000}</style></head><body><table><tr><th>Test</th><th># Passed</th><th># Skipped</th><th># Failed</th><th>Time (ms)</th><th>Included Groups</th><th>Excluded Groups</th></tr><tr><th colspan="7">ZingHr - SignUp Page Verification</th></tr><tr><td><a href="#t0">SU_13: To verify error message is displayed when user enter invalid email in Email field</a></td><td class="num">1</td><td class="num">0</td><td class="num">0</td><td class="num">40,809</td><td></td><td></td></tr><tr class="stripe"><td><a href="#t1">SU_14: To verify error message is displayed when user enter invalid email in Email field</a></td><td class="num">1</td><td class="num">0</td><td class="num">0</td><td class="num">40,844</td><td></td><td></td></tr><tr><td><a href="#t2">SU_15: To verify that user is able to select other country name</a></td><td class="num">1</td><td class="num">0</td><td class="num">0</td><td class="num">35,545</td><td></td><td></td></tr><tr class="stripe"><td><a href="#t3">SU_16: To verify error message is displayed when user selects &apos;Select Country&apos; option</a></td><td class="num">0</td><td class="num">0</td><td class="num attn">1</td><td class="num">39,588</td><td></td><td></td></tr><tr><td><a href="#t4">SU_17: To verify that user is able to enter numeric values in Contact Number field</a></td><td class="num">1</td><td class="num">0</td><td class="num">0</td><td class="num">39,367</td><td></td><td></td></tr><tr><th>Total</th><th class="num">4</th><th class="num">0</th><th class="num attn">1</th><th class="num">196,153</th><th colspan="2"></th></tr></table><table><thead><tr><th>Class</th><th>Method</th><th>Start</th><th>Time (ms)</th></tr></thead><tbody><tr><th colspan="4">ZingHr - SignUp Page Verification</th></tr></tbody><tbody id="t0"><tr><th colspan="4">SU_13: To verify error message is displayed when user enter invalid email in Email field &#8212; passed</th></tr><tr class="passedeven"><td rowspan="1">com.zinghr.signup.index.SignupIndex</td><td><a href="#m0">emailidField2</a></td><td rowspan="1">1447738919486</td><td rowspan="1">21488</td></tr></tbody><tbody id="t1"><tr><th colspan="4">SU_14: To verify error message is displayed when user enter invalid email in Email field &#8212; passed</th></tr><tr class="passedeven"><td rowspan="1">com.zinghr.signup.index.SignupIndex</td><td><a href="#m1">emailidField3</a></td><td rowspan="1">1447738960347</td><td rowspan="1">21411</td></tr></tbody><tbody id="t2"><tr><th colspan="4">SU_15: To verify that user is able to select other country name &#8212; passed</th></tr><tr class="passedeven"><td rowspan="1">com.zinghr.signup.index.SignupIndex</td><td><a href="#m2">selectCountry</a></td><td rowspan="1">1447739000175</td><td rowspan="1">17263</td></tr></tbody><tbody id="t3"><tr><th colspan="4">SU_16: To verify error message is displayed when user selects &apos;Select Country&apos; option &#8212; failed</th></tr><tr class="failedeven"><td rowspan="1">com.zinghr.signup.index.SignupIndex</td><td><a href="#m3">selectNoCountry</a></td><td rowspan="1">1447739037217</td><td rowspan="1">28945</td></tr></tbody><tbody id="t4"><tr><th colspan="4">SU_17: To verify that user is able to enter numeric values in Contact Number field &#8212; passed</th></tr><tr class="passedeven"><td rowspan="1">com.zinghr.signup.index.SignupIndex</td><td><a href="#m4">contactNumField1</a></td><td rowspan="1">1447739075907</td><td rowspan="1">20501</td></tr></tbody></table><h2>SU_13: To verify error message is displayed when user enter invalid email in Email field</h2><h3 id="m0">com.zinghr.signup.index.SignupIndex#emailidField2</h3><table class="result"><tr><th>Messages</th></tr><tr><td><div class="messages">&lt;br&gt;&lt;/br&gt;Test Case Id : SU_13 <br/>&lt;br&gt;&lt;/br&gt;Testcase Discription : Field validation for &apos;Email ID&apos; field<br/>&lt;br&gt;&lt;/br&gt;Step 1 : Open url:&lt;a&gt;http://automation.zinghr.com/2015/pages/Authentication/SignUp.aspx&lt;/a&gt;<br/>&lt;br&gt;&lt;/br&gt;Step 2: Enter invalid &apos;Email Id&apos;: kw-902675222@mi@ki<br/>&lt;br&gt;&lt;/br&gt;To verify that appropriate error message is displayed when user enter invalid email format in Email field.<br/>&lt;br&gt;&lt;/br&gt;&lt;Strong&gt;&lt;font color=#008000&gt;Pass&lt;/font&gt;&lt;/strong&gt;</div></td></tr></table><p class="totop"><a href="#summary">back to summary</a></p><h2>SU_14: To verify error message is displayed when user enter invalid email in Email field</h2><h3 id="m1">com.zinghr.signup.index.SignupIndex#emailidField3</h3><table class="result"><tr><th>Messages</th></tr><tr><td><div class="messages">&lt;br&gt;&lt;/br&gt;Test Case Id : SU_14 <br/>&lt;br&gt;&lt;/br&gt;Testcase Discription : Field validation for &apos;Email ID&apos; field<br/>&lt;br&gt;&lt;/br&gt;Step 1 : Open url:&lt;a&gt;http://automation.zinghr.com/2015/pages/Authentication/SignUp.aspx&lt;/a&gt;<br/>&lt;br&gt;&lt;/br&gt;Step 2: Enter blank data in &apos;Email Id&apos;:  <br/>&lt;br&gt;&lt;/br&gt;To verify that Email id field do not accept blank data<br/>&lt;br&gt;&lt;/br&gt;&lt;Strong&gt;&lt;font color=#008000&gt;Pass&lt;/font&gt;&lt;/strong&gt;</div></td></tr></table><p class="totop"><a href="#summary">back to summary</a></p><h2>SU_15: To verify that user is able to select other country name</h2><h3 id="m2">com.zinghr.signup.index.SignupIndex#selectCountry</h3><table class="result"><tr><th>Messages</th></tr><tr><td><div class="messages">&lt;br&gt;&lt;/br&gt;Test Case Id : SU_15 <br/>&lt;br&gt;&lt;/br&gt;Testcase Discription : Select other country from country list.<br/>&lt;br&gt;&lt;/br&gt;Step 1 : Open url:&lt;a&gt;http://automation.zinghr.com/2015/pages/Authentication/SignUp.aspx&lt;/a&gt;<br/>&lt;br&gt;&lt;/br&gt;Step 2: Enter company Name: ZKfZ<br/>&lt;br&gt;&lt;/br&gt;Step 3: Display Employee Name: VAygmQ<br/>&lt;br&gt;&lt;/br&gt;Step 4: Enter Email id: kiwitest1862260234@mailinator.com<br/>&lt;br&gt;&lt;/br&gt;Step 5: Select any country<br/>&lt;br&gt;&lt;/br&gt;Step 6: Enter Contact no: 9429186891<br/>&lt;br&gt;&lt;/br&gt;To verify that user is able to select other country name<br/>&lt;br&gt;&lt;/br&gt;&lt;Strong&gt;&lt;font color=#008000&gt;Pass&lt;/font&gt;&lt;/strong&gt;</div></td></tr></table><p class="totop"><a href="#summary">back to summary</a></p><h2>SU_16: To verify error message is displayed when user selects &apos;Select Country&apos; option</h2><h3 id="m3">com.zinghr.signup.index.SignupIndex#selectNoCountry</h3><table class="result"><tr><th>Messages</th></tr><tr><td><div class="messages">&lt;br&gt;&lt;/br&gt;Test Case Id : SU_16 <br/>&lt;br&gt;&lt;/br&gt;Testcase Discription : Select &apos;Select Country &apos; country list.<br/>&lt;br&gt;&lt;/br&gt;Step 1 : Open url:&lt;a&gt;http://automation.zinghr.com/2015/pages/Authentication/SignUp.aspx&lt;/a&gt;<br/>&lt;br&gt;&lt;/br&gt;Step 2: Enter company Name: UaBa<br/>&lt;br&gt;&lt;/br&gt;Step 3: Display Employee Name: ijyqTp<br/>&lt;br&gt;&lt;/br&gt;Step 4: Enter Email id: kiwitest125512898@mailinator.com<br/>&lt;br&gt;&lt;/br&gt;Step 5: Select &apos;Select Country&apos; option from country name field<br/>&lt;br&gt; &lt;b&gt;Please look to the screenshot - &lt;/b&gt;<br/>&lt;br&gt;&lt;Strong&gt;&lt;font color=#FF0000&gt;--Failed&lt;/font&gt;&lt;/strong&gt;<br/>&lt;a href=&apos;../test-output/screenshots/1117111426170selectNoCountry.png&apos; target=&apos;_new&apos;&gt;1117111426170selectNoCountry.png&lt;/a&gt;<br/>&lt;br&gt;&lt;/br&gt;&lt;h3&gt;Failure Reason:&lt;/h3&gt;<br/>&lt;br&gt;&lt;/br&gt;org.openqa.selenium.NoSuchElementException: Timed out after 15 seconds. Unable to locate the element</div></td></tr><tr><th>Exception</th></tr><tr><td><div class="stacktrace">org.openqa.selenium.NoSuchElementException: Timed out after 15 seconds. Unable to locate the element
For documentation on this error, please visit: http://seleniumhq.org/exceptions/no_such_element.html
Build info: version: &apos;2.47.1&apos;, revision: &apos;unknown&apos;, time: &apos;2015-07-30 11:02:44&apos;
System info: host: &apos;HP&apos;, ip: &apos;192.168.1.35&apos;, os.name: &apos;Windows 8.1&apos;, os.arch: &apos;amd64&apos;, os.version: &apos;6.3&apos;, java.version: &apos;1.8.0_60&apos;
Driver info: driver.version: RemoteWebDriver
	at org.openqa.selenium.support.pagefactory.AjaxElementLocator.findElement(AjaxElementLocator.java:89)
	at org.openqa.selenium.support.pagefactory.internal.LocatingElementHandler.invoke(LocatingElementHandler.java:38)
	at com.sun.proxy.$Proxy8.getWrappedElement(Unknown Source)
	at org.openqa.selenium.remote.internal.WebElementToJsonConverter.apply(WebElementToJsonConverter.java:49)
	at com.google.common.collect.Iterators$8.transform(Iterators.java:794)
	at com.google.common.collect.TransformedIterator.next(TransformedIterator.java:48)
	at com.google.common.collect.Iterators.addAll(Iterators.java:357)
	at com.google.common.collect.Lists.newArrayList(Lists.java:147)
	at com.google.common.collect.Lists.newArrayList(Lists.java:129)
	at org.openqa.selenium.remote.RemoteWebDriver.executeScript(RemoteWebDriver.java:500)
	at com.zinghr.init.Common.highlightElement(Common.java:929)
	at com.zinghr.init.Common.clickOn(Common.java:519)
	at com.zinghr.signup.indexpage.SignupIndexPage.NoCountry(SignupIndexPage.java:104)
	at com.zinghr.signup.indexpage.SignupIndexPage.selectNoCountry(SignupIndexPage.java:323)
	at com.zinghr.signup.index.SignupIndex.selectNoCountry(SignupIndex.java:456)
Caused by: org.openqa.selenium.InvalidSelectorException: The given selector .//div[@id=&apos;countries_child&apos;]//.[Contains(text(),&apos;Select Country&apos;)] is either invalid or does not result in a WebElement. The following error occurred:
InvalidSelectorError: Unable to locate an element with the xpath expression .//div[@id=&apos;countries_child&apos;]//.[Contains(text(),&apos;Select Country&apos;)] because of the following error:
SyntaxError: The expression is not a legal expression.
For documentation on this error, please visit: http://seleniumhq.org/exceptions/invalid_selector_exception.html
Build info: version: &apos;2.46.0&apos;, revision: &apos;87c69e2&apos;, time: &apos;2015-06-04 16:16:47&apos;
System info: host: &apos;HP&apos;, ip: &apos;192.168.1.35&apos;, os.name: &apos;Windows 8.1&apos;, os.arch: &apos;amd64&apos;, os.version: &apos;6.3&apos;, java.version: &apos;1.8.0_65&apos;
Driver info: driver.version: unknown
Command duration or timeout: 293 milliseconds
For documentation on this error, please visit: http://seleniumhq.org/exceptions/invalid_selector_exception.html
Build info: version: &apos;2.47.1&apos;, revision: &apos;unknown&apos;, time: &apos;2015-07-30 11:02:44&apos;
System info: host: &apos;HP&apos;, ip: &apos;192.168.1.35&apos;, os.name: &apos;Windows 8.1&apos;, os.arch: &apos;amd64&apos;, os.version: &apos;6.3&apos;, java.version: &apos;1.8.0_60&apos;
Driver info: org.openqa.selenium.remote.RemoteWebDriver
Capabilities [{applicationCacheEnabled=true, rotatable=false, handlesAlerts=true, databaseEnabled=true, version=42.0, platform=WINDOWS, nativeEvents=false, acceptSslCerts=true, webdriver.remote.sessionid=535f0921-3e5b-4e56-b1ce-ef0492497233, webStorageEnabled=true, locationContextEnabled=true, browserName=firefox, takesScreenshot=true, javascriptEnabled=true, cssSelectorsEnabled=true}]
Session ID: 535f0921-3e5b-4e56-b1ce-ef0492497233
*** Element info: {Using=xpath, value=.//div[@id=&apos;countries_child&apos;]//.[Contains(text(),&apos;Select Country&apos;)]}
	at org.openqa.selenium.remote.ErrorHandler.createThrowable(ErrorHandler.java:206)
	at org.openqa.selenium.remote.ErrorHandler.throwIfResponseFailed(ErrorHandler.java:158)
	at org.openqa.selenium.remote.RemoteWebDriver.execute(RemoteWebDriver.java:595)
	at org.openqa.selenium.remote.RemoteWebDriver.findElement(RemoteWebDriver.java:348)
	at org.openqa.selenium.remote.RemoteWebDriver.findElementByXPath(RemoteWebDriver.java:445)
	at org.openqa.selenium.By$ByXPath.findElement(By.java:358)
	at org.openqa.selenium.remote.RemoteWebDriver.findElement(RemoteWebDriver.java:340)
	at org.openqa.selenium.support.pagefactory.DefaultElementLocator.findElement(DefaultElementLocator.java:69)
	at org.openqa.selenium.support.pagefactory.AjaxElementLocator.access$001(AjaxElementLocator.java:41)
	at org.openqa.selenium.support.pagefactory.AjaxElementLocator$SlowLoadingElement.isLoaded(AjaxElementLocator.java:157)
	at org.openqa.selenium.support.ui.SlowLoadableComponent.get(SlowLoadableComponent.java:70)
	at org.openqa.selenium.support.pagefactory.AjaxElementLocator.findElement(AjaxElementLocator.java:87)
	... 41 more
Caused by: org.openqa.selenium.remote.ScreenshotException: Screen shot has been taken
Build info: version: &apos;2.47.1&apos;, revision: &apos;unknown&apos;, time: &apos;2015-07-30 11:02:44&apos;
System info: host: &apos;HP&apos;, ip: &apos;192.168.1.35&apos;, os.name: &apos;Windows 8.1&apos;, os.arch: &apos;amd64&apos;, os.version: &apos;6.3&apos;, java.version: &apos;1.8.0_60&apos;
Driver info: driver.version: RemoteWebDriver
	at org.openqa.selenium.remote.ErrorHandler.throwIfResponseFailed(ErrorHandler.java:138)
	... 51 more
Caused by: org.openqa.selenium.InvalidSelectorException: The given selector .//div[@id=&apos;countries_child&apos;]//.[Contains(text(),&apos;Select Country&apos;)] is either invalid or does not result in a WebElement. The following error occurred:
InvalidSelectorError: Unable to locate an element with the xpath expression .//div[@id=&apos;countries_child&apos;]//.[Contains(text(),&apos;Select Country&apos;)] because of the following error:
SyntaxError: The expression is not a legal expression.
For documentation on this error, please visit: http://seleniumhq.org/exceptions/invalid_selector_exception.html
Build info: version: &apos;2.46.0&apos;, revision: &apos;87c69e2&apos;, time: &apos;2015-06-04 16:16:47&apos;
System info: host: &apos;HP&apos;, ip: &apos;192.168.1.35&apos;, os.name: &apos;Windows 8.1&apos;, os.arch: &apos;amd64&apos;, os.version: &apos;6.3&apos;, java.version: &apos;1.8.0_65&apos;
Driver info: driver.version: unknown
For documentation on this error, please visit: http://seleniumhq.org/exceptions/invalid_selector_exception.html
Build info: version: &apos;2.47.1&apos;, revision: &apos;unknown&apos;, time: &apos;2015-07-30 11:02:44&apos;
System info: host: &apos;HP&apos;, ip: &apos;192.168.1.35&apos;, os.name: &apos;Windows 8.1&apos;, os.arch: &apos;amd64&apos;, os.version: &apos;6.3&apos;, java.version: &apos;1.8.0_60&apos;
Driver info: driver.version: unknown
	at &lt;anonymous class&gt;.FirefoxDriver.annotateInvalidSelectorError_(file:///C:/Users/KSPL08/AppData/Local/Temp/anonymous8843598253661737849webdriver-profile/extensions/fxdriver@googlecode.com/components/driver-component.js:10273)
	at &lt;anonymous class&gt;.FirefoxDriver.prototype.findElementInternal_(file:///C:/Users/KSPL08/AppData/Local/Temp/anonymous8843598253661737849webdriver-profile/extensions/fxdriver@googlecode.com/components/driver-component.js:10304)
	at &lt;anonymous class&gt;.FirefoxDriver.prototype.findElement(file:///C:/Users/KSPL08/AppData/Local/Temp/anonymous8843598253661737849webdriver-profile/extensions/fxdriver@googlecode.com/components/driver-component.js:10308)
	at &lt;anonymous class&gt;.DelayedCommand.prototype.executeInternal_/h(file:///C:/Users/KSPL08/AppData/Local/Temp/anonymous8843598253661737849webdriver-profile/extensions/fxdriver@googlecode.com/components/command-processor.js:12282)
	at &lt;anonymous class&gt;.DelayedCommand.prototype.executeInternal_(file:///C:/Users/KSPL08/AppData/Local/Temp/anonymous8843598253661737849webdriver-profile/extensions/fxdriver@googlecode.com/components/command-processor.js:12287)
	at &lt;anonymous class&gt;.DelayedCommand.prototype.execute/&lt;(file:///C:/Users/KSPL08/AppData/Local/Temp/anonymous8843598253661737849webdriver-profile/extensions/fxdriver@googlecode.com/components/command-processor.js:12229)
... Removed 30 stack frames</div></td></tr></table><p class="totop"><a href="#summary">back to summary</a></p><h2>SU_17: To verify that user is able to enter numeric values in Contact Number field</h2><h3 id="m4">com.zinghr.signup.index.SignupIndex#contactNumField1</h3><table class="result"><tr><th>Messages</th></tr><tr><td><div class="messages">&lt;br&gt;&lt;/br&gt;Test Case Id : SU_17 <br/>&lt;br&gt;&lt;/br&gt;Testcase Discription : Enter numeric value into Contact Number&apos; field.<br/>&lt;br&gt;&lt;/br&gt;Step 1 : Open url:&lt;a&gt;http://automation.zinghr.com/2015/pages/Authentication/SignUp.aspx&lt;/a&gt;<br/>&lt;br&gt;&lt;/br&gt;Step 2: Enter company Name: OfTM<br/>&lt;br&gt;&lt;/br&gt;Step 3: Display Employee Name: gKlKuU<br/>&lt;br&gt;&lt;/br&gt;Step 4: Enter Email id: kiwitest1937381396@mailinator.com<br/>&lt;br&gt;&lt;/br&gt;Step 5: Select any country<br/>&lt;br&gt;&lt;/br&gt;Step 6: Enter Contact no: 9429186891<br/>&lt;br&gt;&lt;/br&gt;To verify that user is able to enter numeric values in Contact Number field<br/>&lt;br&gt;&lt;/br&gt;&lt;Strong&gt;&lt;font color=#008000&gt;Pass&lt;/font&gt;&lt;/strong&gt;</div></td></tr></table><p class="totop"><a href="#summary">back to summary</a></p></body></html>