<?xml version="1.0" encoding="UTF-8"?>
<!-- Generated by org.testng.reporters.JUnitReportReporter -->
<testsuite hostname="KQSPL-R" name="com.zinghr.login.index.LoginIndex" tests="28" failures="4" timestamp="17 Nov 2015 09:17:32 GMT" time="1129.096" errors="0">
  <testcase name="blankemployeecode" time="29.629" classname="com.zinghr.login.index.LoginIndex"/>
  <testcase name="loginwithvalidcredential" time="35.735" classname="com.zinghr.login.index.LoginIndex"/>
  <testcase name="click_punchin_button_with_invalid_company_code" time="24.691" classname="com.zinghr.login.index.LoginIndex"/>
  <testcase name="compnycodeeditableornot" time="28.823" classname="com.zinghr.login.index.LoginIndex"/>
  <testcase name="employeecodeeditableornot" time="20.635" classname="com.zinghr.login.index.LoginIndex"/>
  <testcase name="enterdatatopassword" time="19.787" classname="com.zinghr.login.index.LoginIndex"/>
  <testcase name="verifysocialicons" time="264.120" classname="com.zinghr.login.index.LoginIndex"/>
  <testcase name="click_punchin_button_without_enter_data" time="25.119" classname="com.zinghr.login.index.LoginIndex"/>
  <testcase name="click_punchin_button_with_valid_data" time="47.810" classname="com.zinghr.login.index.LoginIndex">
    <failure type="org.openqa.selenium.NoSuchElementException" message="Unable to locate element: {&quot;method&quot;:&quot;xpath&quot;,&quot;selector&quot;:&quot;//div[contains(text(),&#039;User Id / Password Is Incorrect.!&#039;)]&quot;}
For documentation on this error, please visit: http://seleniumhq.org/exceptions/no_such_element.html
Build info: version: &#039;2.48.1&#039;, revision: &#039;d80083d&#039;, time: &#039;2015-10-08 21:11:00&#039;
System info: host: &#039;KQSPL-R&#039;, ip: &#039;192.168.1.78&#039;, os.name: &#039;Windows 8&#039;, os.arch: &#039;x86&#039;, os.version: &#039;6.2&#039;, java.version: &#039;1.8.0_60&#039;
Driver info: driver.version: unknown
Command duration or timeout: 31.73 seconds
For documentation on this error, please visit: http://seleniumhq.org/exceptions/no_such_element.html
Build info: version: &#039;2.47.1&#039;, revision: &#039;411b314&#039;, time: &#039;2015-07-30 03:03:16&#039;
System info: host: &#039;KQSPL-R&#039;, ip: &#039;192.168.1.78&#039;, os.name: &#039;Windows 8&#039;, os.arch: &#039;x86&#039;, os.version: &#039;6.2&#039;, java.version: &#039;1.8.0_60&#039;
Driver info: org.openqa.selenium.remote.RemoteWebDriver
Capabilities [{applicationCacheEnabled=true, rotatable=false, handlesAlerts=true, databaseEnabled=true, version=42.0, platform=WINDOWS, nativeEvents=false, acceptSslCerts=true, webdriver.remote.sessionid=063a14d5-8dc8-438e-9f7c-5dd1fabd1993, webStorageEnabled=true, locationContextEnabled=true, browserName=firefox, takesScreenshot=true, javascriptEnabled=true, cssSelectorsEnabled=true}]
Session ID: 063a14d5-8dc8-438e-9f7c-5dd1fabd1993
*** Element info: {Using=xpath, value=//div[contains(text(),&#039;User Id / Password Is Incorrect.!&#039;)]}">
      <![CDATA[org.openqa.selenium.NoSuchElementException: Unable to locate element: {"method":"xpath","selector":"//div[contains(text(),'User Id / Password Is Incorrect.!')]"}
For documentation on this error, please visit: http://seleniumhq.org/exceptions/no_such_element.html
Build info: version: '2.48.1', revision: 'd80083d', time: '2015-10-08 21:11:00'
System info: host: 'KQSPL-R', ip: '192.168.1.78', os.name: 'Windows 8', os.arch: 'x86', os.version: '6.2', java.version: '1.8.0_60'
Driver info: driver.version: unknown
Command duration or timeout: 31.73 seconds
For documentation on this error, please visit: http://seleniumhq.org/exceptions/no_such_element.html
Build info: version: '2.47.1', revision: '411b314', time: '2015-07-30 03:03:16'
System info: host: 'KQSPL-R', ip: '192.168.1.78', os.name: 'Windows 8', os.arch: 'x86', os.version: '6.2', java.version: '1.8.0_60'
Driver info: org.openqa.selenium.remote.RemoteWebDriver
Capabilities [{applicationCacheEnabled=true, rotatable=false, handlesAlerts=true, databaseEnabled=true, version=42.0, platform=WINDOWS, nativeEvents=false, acceptSslCerts=true, webdriver.remote.sessionid=063a14d5-8dc8-438e-9f7c-5dd1fabd1993, webStorageEnabled=true, locationContextEnabled=true, browserName=firefox, takesScreenshot=true, javascriptEnabled=true, cssSelectorsEnabled=true}]
Session ID: 063a14d5-8dc8-438e-9f7c-5dd1fabd1993
*** Element info: {Using=xpath, value=//div[contains(text(),'User Id / Password Is Incorrect.!')]}
	at sun.reflect.NativeConstructorAccessorImpl.newInstance0(Native Method)
	at sun.reflect.NativeConstructorAccessorImpl.newInstance(Unknown Source)
	at sun.reflect.DelegatingConstructorAccessorImpl.newInstance(Unknown Source)
	at java.lang.reflect.Constructor.newInstance(Unknown Source)
	at org.openqa.selenium.remote.ErrorHandler.createThrowable(ErrorHandler.java:206)
	at org.openqa.selenium.remote.ErrorHandler.throwIfResponseFailed(ErrorHandler.java:158)
	at org.openqa.selenium.remote.RemoteWebDriver.execute(RemoteWebDriver.java:595)
	at org.openqa.selenium.remote.RemoteWebDriver.findElement(RemoteWebDriver.java:348)
	at org.openqa.selenium.remote.RemoteWebDriver.findElementByXPath(RemoteWebDriver.java:445)
	at org.openqa.selenium.By$ByXPath.findElement(By.java:358)
	at org.openqa.selenium.remote.RemoteWebDriver.findElement(RemoteWebDriver.java:340)
	at com.zinghr.login.verification.LoginVerificationPage.click_punchin_button_with_valid_data_verification(LoginVerificationPage.java:289)
	at com.zinghr.login.index.LoginIndex.click_punchin_button_with_valid_data(LoginIndex.java:646)
	at sun.reflect.NativeMethodAccessorImpl.invoke0(Native Method)
	at sun.reflect.NativeMethodAccessorImpl.invoke(Unknown Source)
	at sun.reflect.DelegatingMethodAccessorImpl.invoke(Unknown Source)
	at java.lang.reflect.Method.invoke(Unknown Source)
	at org.testng.internal.MethodInvocationHelper.invokeMethod(MethodInvocationHelper.java:84)
	at org.testng.internal.Invoker.invokeMethod(Invoker.java:714)
	at org.testng.internal.Invoker.invokeTestMethod(Invoker.java:901)
	at org.testng.internal.Invoker.invokeTestMethods(Invoker.java:1231)
	at org.testng.internal.TestMethodWorker.invokeTestMethods(TestMethodWorker.java:127)
	at org.testng.internal.TestMethodWorker.run(TestMethodWorker.java:111)
	at org.testng.TestRunner.privateRun(TestRunner.java:767)
	at org.testng.TestRunner.run(TestRunner.java:617)
	at org.testng.SuiteRunner.runTest(SuiteRunner.java:334)
	at org.testng.SuiteRunner.access$000(SuiteRunner.java:37)
	at org.testng.SuiteRunner$SuiteWorker.run(SuiteRunner.java:368)
	at org.testng.internal.thread.ThreadUtil$2.call(ThreadUtil.java:64)
	at java.util.concurrent.FutureTask.run(Unknown Source)
	at java.util.concurrent.ThreadPoolExecutor.runWorker(Unknown Source)
	at java.util.concurrent.ThreadPoolExecutor$Worker.run(Unknown Source)
	at java.lang.Thread.run(Unknown Source)
Caused by: org.openqa.selenium.remote.ScreenshotException: Screen shot has been taken
Build info: version: '2.47.1', revision: '411b314', time: '2015-07-30 03:03:16'
System info: host: 'KQSPL-R', ip: '192.168.1.78', os.name: 'Windows 8', os.arch: 'x86', os.version: '6.2', java.version: '1.8.0_60'
Driver info: driver.version: RemoteWebDriver
	at org.openqa.selenium.remote.ErrorHandler.throwIfResponseFailed(ErrorHandler.java:138)
	... 27 more
Caused by: org.openqa.selenium.NoSuchElementException: Unable to locate element: {"method":"xpath","selector":"//div[contains(text(),'User Id / Password Is Incorrect.!')]"}
For documentation on this error, please visit: http://seleniumhq.org/exceptions/no_such_element.html
Build info: version: '2.48.1', revision: 'd80083d', time: '2015-10-08 21:11:00'
System info: host: 'KQSPL-R', ip: '192.168.1.78', os.name: 'Windows 8', os.arch: 'x86', os.version: '6.2', java.version: '1.8.0_60'
Driver info: driver.version: unknown
For documentation on this error, please visit: http://seleniumhq.org/exceptions/no_such_element.html
Build info: version: '2.47.1', revision: '411b314', time: '2015-07-30 03:03:16'
System info: host: 'KQSPL-R', ip: '192.168.1.78', os.name: 'Windows 8', os.arch: 'x86', os.version: '6.2', java.version: '1.8.0_60'
Driver info: driver.version: unknown
	at <anonymous class>.FirefoxDriver.prototype.findElementInternal_(file:///C:/Users/KQSPL_R/AppData/Local/Temp/anonymous5457849542518305667webdriver-profile/extensions/fxdriver@googlecode.com/components/driver-component.js:10659)
	at <anonymous class>.fxdriver.Timer.prototype.setTimeout/<.notify(file:///C:/Users/KQSPL_R/AppData/Local/Temp/anonymous5457849542518305667webdriver-profile/extensions/fxdriver@googlecode.com/components/driver-component.js:621)
]]>
    </failure>
  </testcase> <!-- click_punchin_button_with_valid_data -->
  <testcase name="loginlandingpage" time="35.297" classname="com.zinghr.login.index.LoginIndex"/>
  <testcase name="click_punchin_button_with_invalid_password" time="22.975" classname="com.zinghr.login.index.LoginIndex"/>
  <testcase name="click_punchin_button_with_invalid_employee_code" time="26.310" classname="com.zinghr.login.index.LoginIndex"/>
  <testcase name="Fargot_password_enter_data_in_company_employee_code" time="24.260" classname="com.zinghr.login.index.LoginIndex"/>
  <testcase name="invalidemployeecode" time="27.212" classname="com.zinghr.login.index.LoginIndex"/>
  <testcase name="Fargot_password_enter_invalid_data_in_company_employee_code" time="29.201" classname="com.zinghr.login.index.LoginIndex"/>
  <testcase name="click_punchin_button_with_empty_employee_code" time="23.652" classname="com.zinghr.login.index.LoginIndex"/>
  <testcase name="blankpassword" time="23.466" classname="com.zinghr.login.index.LoginIndex"/>
  <testcase name="click_punchout_button_without_punchin_procedure" time="45.762" classname="com.zinghr.login.index.LoginIndex">
    <failure type="org.openqa.selenium.NoSuchElementException" message="Unable to locate element: {&quot;method&quot;:&quot;xpath&quot;,&quot;selector&quot;:&quot;//div[contains(text(),&#039;User Id / Password Is Incorrect.!&#039;)]&quot;}
For documentation on this error, please visit: http://seleniumhq.org/exceptions/no_such_element.html
Build info: version: &#039;2.48.1&#039;, revision: &#039;d80083d&#039;, time: &#039;2015-10-08 21:11:00&#039;
System info: host: &#039;KQSPL-R&#039;, ip: &#039;192.168.1.78&#039;, os.name: &#039;Windows 8&#039;, os.arch: &#039;x86&#039;, os.version: &#039;6.2&#039;, java.version: &#039;1.8.0_60&#039;
Driver info: driver.version: unknown
Command duration or timeout: 30.76 seconds
For documentation on this error, please visit: http://seleniumhq.org/exceptions/no_such_element.html
Build info: version: &#039;2.47.1&#039;, revision: &#039;411b314&#039;, time: &#039;2015-07-30 03:03:16&#039;
System info: host: &#039;KQSPL-R&#039;, ip: &#039;192.168.1.78&#039;, os.name: &#039;Windows 8&#039;, os.arch: &#039;x86&#039;, os.version: &#039;6.2&#039;, java.version: &#039;1.8.0_60&#039;
Driver info: org.openqa.selenium.remote.RemoteWebDriver
Capabilities [{applicationCacheEnabled=true, rotatable=false, handlesAlerts=true, databaseEnabled=true, version=42.0, platform=WINDOWS, nativeEvents=false, acceptSslCerts=true, webdriver.remote.sessionid=719ee510-6808-4541-8b9c-1effb315da75, webStorageEnabled=true, locationContextEnabled=true, browserName=firefox, takesScreenshot=true, javascriptEnabled=true, cssSelectorsEnabled=true}]
Session ID: 719ee510-6808-4541-8b9c-1effb315da75
*** Element info: {Using=xpath, value=//div[contains(text(),&#039;User Id / Password Is Incorrect.!&#039;)]}">
      <![CDATA[org.openqa.selenium.NoSuchElementException: Unable to locate element: {"method":"xpath","selector":"//div[contains(text(),'User Id / Password Is Incorrect.!')]"}
For documentation on this error, please visit: http://seleniumhq.org/exceptions/no_such_element.html
Build info: version: '2.48.1', revision: 'd80083d', time: '2015-10-08 21:11:00'
System info: host: 'KQSPL-R', ip: '192.168.1.78', os.name: 'Windows 8', os.arch: 'x86', os.version: '6.2', java.version: '1.8.0_60'
Driver info: driver.version: unknown
Command duration or timeout: 30.76 seconds
For documentation on this error, please visit: http://seleniumhq.org/exceptions/no_such_element.html
Build info: version: '2.47.1', revision: '411b314', time: '2015-07-30 03:03:16'
System info: host: 'KQSPL-R', ip: '192.168.1.78', os.name: 'Windows 8', os.arch: 'x86', os.version: '6.2', java.version: '1.8.0_60'
Driver info: org.openqa.selenium.remote.RemoteWebDriver
Capabilities [{applicationCacheEnabled=true, rotatable=false, handlesAlerts=true, databaseEnabled=true, version=42.0, platform=WINDOWS, nativeEvents=false, acceptSslCerts=true, webdriver.remote.sessionid=719ee510-6808-4541-8b9c-1effb315da75, webStorageEnabled=true, locationContextEnabled=true, browserName=firefox, takesScreenshot=true, javascriptEnabled=true, cssSelectorsEnabled=true}]
Session ID: 719ee510-6808-4541-8b9c-1effb315da75
*** Element info: {Using=xpath, value=//div[contains(text(),'User Id / Password Is Incorrect.!')]}
	at sun.reflect.NativeConstructorAccessorImpl.newInstance0(Native Method)
	at sun.reflect.NativeConstructorAccessorImpl.newInstance(Unknown Source)
	at sun.reflect.DelegatingConstructorAccessorImpl.newInstance(Unknown Source)
	at java.lang.reflect.Constructor.newInstance(Unknown Source)
	at org.openqa.selenium.remote.ErrorHandler.createThrowable(ErrorHandler.java:206)
	at org.openqa.selenium.remote.ErrorHandler.throwIfResponseFailed(ErrorHandler.java:158)
	at org.openqa.selenium.remote.RemoteWebDriver.execute(RemoteWebDriver.java:595)
	at org.openqa.selenium.remote.RemoteWebDriver.findElement(RemoteWebDriver.java:348)
	at org.openqa.selenium.remote.RemoteWebDriver.findElementByXPath(RemoteWebDriver.java:445)
	at org.openqa.selenium.By$ByXPath.findElement(By.java:358)
	at org.openqa.selenium.remote.RemoteWebDriver.findElement(RemoteWebDriver.java:340)
	at com.zinghr.login.verification.LoginVerificationPage.click_punchout_button_without_punchin_procedure_verification(LoginVerificationPage.java:309)
	at com.zinghr.login.index.LoginIndex.click_punchout_button_without_punchin_procedure(LoginIndex.java:700)
	at sun.reflect.NativeMethodAccessorImpl.invoke0(Native Method)
	at sun.reflect.NativeMethodAccessorImpl.invoke(Unknown Source)
	at sun.reflect.DelegatingMethodAccessorImpl.invoke(Unknown Source)
	at java.lang.reflect.Method.invoke(Unknown Source)
	at org.testng.internal.MethodInvocationHelper.invokeMethod(MethodInvocationHelper.java:84)
	at org.testng.internal.Invoker.invokeMethod(Invoker.java:714)
	at org.testng.internal.Invoker.invokeTestMethod(Invoker.java:901)
	at org.testng.internal.Invoker.invokeTestMethods(Invoker.java:1231)
	at org.testng.internal.TestMethodWorker.invokeTestMethods(TestMethodWorker.java:127)
	at org.testng.internal.TestMethodWorker.run(TestMethodWorker.java:111)
	at org.testng.TestRunner.privateRun(TestRunner.java:767)
	at org.testng.TestRunner.run(TestRunner.java:617)
	at org.testng.SuiteRunner.runTest(SuiteRunner.java:334)
	at org.testng.SuiteRunner.access$000(SuiteRunner.java:37)
	at org.testng.SuiteRunner$SuiteWorker.run(SuiteRunner.java:368)
	at org.testng.internal.thread.ThreadUtil$2.call(ThreadUtil.java:64)
	at java.util.concurrent.FutureTask.run(Unknown Source)
	at java.util.concurrent.ThreadPoolExecutor.runWorker(Unknown Source)
	at java.util.concurrent.ThreadPoolExecutor$Worker.run(Unknown Source)
	at java.lang.Thread.run(Unknown Source)
Caused by: org.openqa.selenium.remote.ScreenshotException: Screen shot has been taken
Build info: version: '2.47.1', revision: '411b314', time: '2015-07-30 03:03:16'
System info: host: 'KQSPL-R', ip: '192.168.1.78', os.name: 'Windows 8', os.arch: 'x86', os.version: '6.2', java.version: '1.8.0_60'
Driver info: driver.version: RemoteWebDriver
	at org.openqa.selenium.remote.ErrorHandler.throwIfResponseFailed(ErrorHandler.java:138)
	... 27 more
Caused by: org.openqa.selenium.NoSuchElementException: Unable to locate element: {"method":"xpath","selector":"//div[contains(text(),'User Id / Password Is Incorrect.!')]"}
For documentation on this error, please visit: http://seleniumhq.org/exceptions/no_such_element.html
Build info: version: '2.48.1', revision: 'd80083d', time: '2015-10-08 21:11:00'
System info: host: 'KQSPL-R', ip: '192.168.1.78', os.name: 'Windows 8', os.arch: 'x86', os.version: '6.2', java.version: '1.8.0_60'
Driver info: driver.version: unknown
For documentation on this error, please visit: http://seleniumhq.org/exceptions/no_such_element.html
Build info: version: '2.47.1', revision: '411b314', time: '2015-07-30 03:03:16'
System info: host: 'KQSPL-R', ip: '192.168.1.78', os.name: 'Windows 8', os.arch: 'x86', os.version: '6.2', java.version: '1.8.0_60'
Driver info: driver.version: unknown
	at <anonymous class>.FirefoxDriver.prototype.findElementInternal_(file:///C:/Users/KQSPL_R/AppData/Local/Temp/anonymous4564665803065472780webdriver-profile/extensions/fxdriver@googlecode.com/components/driver-component.js:10659)
	at <anonymous class>.fxdriver.Timer.prototype.setTimeout/<.notify(file:///C:/Users/KQSPL_R/AppData/Local/Temp/anonymous4564665803065472780webdriver-profile/extensions/fxdriver@googlecode.com/components/driver-component.js:621)
]]>
    </failure>
  </testcase> <!-- click_punchout_button_without_punchin_procedure -->
  <testcase name="invalidpassword" time="26.022" classname="com.zinghr.login.index.LoginIndex"/>
  <testcase name="blankcomponycode" time="23.948" classname="com.zinghr.login.index.LoginIndex"/>
  <testcase name="invalidcompanycode" time="22.876" classname="com.zinghr.login.index.LoginIndex"/>
  <testcase name="click_punchin_button_with_valid_data_credential_not_store_in_db" time="26.338" classname="com.zinghr.login.index.LoginIndex"/>
  <testcase name="click_punchin_button_with_empty_password" time="23.320" classname="com.zinghr.login.index.LoginIndex"/>
  <testcase name="Fargot_password_enter_blank_data_in_company_employee_code" time="31.621" classname="com.zinghr.login.index.LoginIndex"/>
  <testcase name="account_is_blocked" time="99.931" classname="com.zinghr.login.index.LoginIndex">
    <failure type="org.openqa.selenium.NoSuchElementException" message="Unable to locate element: {&quot;method&quot;:&quot;xpath&quot;,&quot;selector&quot;:&quot;//div[contains(text(),&#039;LOGIN FAILED&#039;)]&quot;}
For documentation on this error, please visit: http://seleniumhq.org/exceptions/no_such_element.html
Build info: version: &#039;2.48.1&#039;, revision: &#039;d80083d&#039;, time: &#039;2015-10-08 21:11:00&#039;
System info: host: &#039;KQSPL-R&#039;, ip: &#039;192.168.1.78&#039;, os.name: &#039;Windows 8&#039;, os.arch: &#039;x86&#039;, os.version: &#039;6.2&#039;, java.version: &#039;1.8.0_60&#039;
Driver info: driver.version: unknown
Command duration or timeout: 34.05 seconds
For documentation on this error, please visit: http://seleniumhq.org/exceptions/no_such_element.html
Build info: version: &#039;2.47.1&#039;, revision: &#039;411b314&#039;, time: &#039;2015-07-30 03:03:16&#039;
System info: host: &#039;KQSPL-R&#039;, ip: &#039;192.168.1.78&#039;, os.name: &#039;Windows 8&#039;, os.arch: &#039;x86&#039;, os.version: &#039;6.2&#039;, java.version: &#039;1.8.0_60&#039;
Driver info: org.openqa.selenium.remote.RemoteWebDriver
Capabilities [{applicationCacheEnabled=true, rotatable=false, handlesAlerts=true, databaseEnabled=true, version=42.0, platform=WINDOWS, nativeEvents=false, acceptSslCerts=true, webdriver.remote.sessionid=49c4fffd-601f-4ecf-bcff-ea2539b919ee, webStorageEnabled=true, locationContextEnabled=true, browserName=firefox, takesScreenshot=true, javascriptEnabled=true, cssSelectorsEnabled=true}]
Session ID: 49c4fffd-601f-4ecf-bcff-ea2539b919ee
*** Element info: {Using=xpath, value=//div[contains(text(),&#039;LOGIN FAILED&#039;)]}">
      <![CDATA[org.openqa.selenium.NoSuchElementException: Unable to locate element: {"method":"xpath","selector":"//div[contains(text(),'LOGIN FAILED')]"}
For documentation on this error, please visit: http://seleniumhq.org/exceptions/no_such_element.html
Build info: version: '2.48.1', revision: 'd80083d', time: '2015-10-08 21:11:00'
System info: host: 'KQSPL-R', ip: '192.168.1.78', os.name: 'Windows 8', os.arch: 'x86', os.version: '6.2', java.version: '1.8.0_60'
Driver info: driver.version: unknown
Command duration or timeout: 34.05 seconds
For documentation on this error, please visit: http://seleniumhq.org/exceptions/no_such_element.html
Build info: version: '2.47.1', revision: '411b314', time: '2015-07-30 03:03:16'
System info: host: 'KQSPL-R', ip: '192.168.1.78', os.name: 'Windows 8', os.arch: 'x86', os.version: '6.2', java.version: '1.8.0_60'
Driver info: org.openqa.selenium.remote.RemoteWebDriver
Capabilities [{applicationCacheEnabled=true, rotatable=false, handlesAlerts=true, databaseEnabled=true, version=42.0, platform=WINDOWS, nativeEvents=false, acceptSslCerts=true, webdriver.remote.sessionid=49c4fffd-601f-4ecf-bcff-ea2539b919ee, webStorageEnabled=true, locationContextEnabled=true, browserName=firefox, takesScreenshot=true, javascriptEnabled=true, cssSelectorsEnabled=true}]
Session ID: 49c4fffd-601f-4ecf-bcff-ea2539b919ee
*** Element info: {Using=xpath, value=//div[contains(text(),'LOGIN FAILED')]}
	at sun.reflect.NativeConstructorAccessorImpl.newInstance0(Native Method)
	at sun.reflect.NativeConstructorAccessorImpl.newInstance(Unknown Source)
	at sun.reflect.DelegatingConstructorAccessorImpl.newInstance(Unknown Source)
	at java.lang.reflect.Constructor.newInstance(Unknown Source)
	at org.openqa.selenium.remote.ErrorHandler.createThrowable(ErrorHandler.java:206)
	at org.openqa.selenium.remote.ErrorHandler.throwIfResponseFailed(ErrorHandler.java:158)
	at org.openqa.selenium.remote.RemoteWebDriver.execute(RemoteWebDriver.java:595)
	at org.openqa.selenium.remote.RemoteWebDriver.findElement(RemoteWebDriver.java:348)
	at org.openqa.selenium.remote.RemoteWebDriver.findElementByXPath(RemoteWebDriver.java:445)
	at org.openqa.selenium.By$ByXPath.findElement(By.java:358)
	at org.openqa.selenium.remote.RemoteWebDriver.findElement(RemoteWebDriver.java:340)
	at com.zinghr.login.verification.LoginVerificationPage.account_block_verification(LoginVerificationPage.java:149)
	at com.zinghr.login.index.LoginIndex.account_is_blocked(LoginIndex.java:297)
	at sun.reflect.NativeMethodAccessorImpl.invoke0(Native Method)
	at sun.reflect.NativeMethodAccessorImpl.invoke(Unknown Source)
	at sun.reflect.DelegatingMethodAccessorImpl.invoke(Unknown Source)
	at java.lang.reflect.Method.invoke(Unknown Source)
	at org.testng.internal.MethodInvocationHelper.invokeMethod(MethodInvocationHelper.java:84)
	at org.testng.internal.Invoker.invokeMethod(Invoker.java:714)
	at org.testng.internal.Invoker.invokeTestMethod(Invoker.java:901)
	at org.testng.internal.Invoker.invokeTestMethods(Invoker.java:1231)
	at org.testng.internal.TestMethodWorker.invokeTestMethods(TestMethodWorker.java:127)
	at org.testng.internal.TestMethodWorker.run(TestMethodWorker.java:111)
	at org.testng.TestRunner.privateRun(TestRunner.java:767)
	at org.testng.TestRunner.run(TestRunner.java:617)
	at org.testng.SuiteRunner.runTest(SuiteRunner.java:334)
	at org.testng.SuiteRunner.access$000(SuiteRunner.java:37)
	at org.testng.SuiteRunner$SuiteWorker.run(SuiteRunner.java:368)
	at org.testng.internal.thread.ThreadUtil$2.call(ThreadUtil.java:64)
	at java.util.concurrent.FutureTask.run(Unknown Source)
	at java.util.concurrent.ThreadPoolExecutor.runWorker(Unknown Source)
	at java.util.concurrent.ThreadPoolExecutor$Worker.run(Unknown Source)
	at java.lang.Thread.run(Unknown Source)
Caused by: org.openqa.selenium.remote.ScreenshotException: Screen shot has been taken
Build info: version: '2.47.1', revision: '411b314', time: '2015-07-30 03:03:16'
System info: host: 'KQSPL-R', ip: '192.168.1.78', os.name: 'Windows 8', os.arch: 'x86', os.version: '6.2', java.version: '1.8.0_60'
Driver info: driver.version: RemoteWebDriver
	at org.openqa.selenium.remote.ErrorHandler.throwIfResponseFailed(ErrorHandler.java:138)
	... 27 more
Caused by: org.openqa.selenium.NoSuchElementException: Unable to locate element: {"method":"xpath","selector":"//div[contains(text(),'LOGIN FAILED')]"}
For documentation on this error, please visit: http://seleniumhq.org/exceptions/no_such_element.html
Build info: version: '2.48.1', revision: 'd80083d', time: '2015-10-08 21:11:00'
System info: host: 'KQSPL-R', ip: '192.168.1.78', os.name: 'Windows 8', os.arch: 'x86', os.version: '6.2', java.version: '1.8.0_60'
Driver info: driver.version: unknown
For documentation on this error, please visit: http://seleniumhq.org/exceptions/no_such_element.html
Build info: version: '2.47.1', revision: '411b314', time: '2015-07-30 03:03:16'
System info: host: 'KQSPL-R', ip: '192.168.1.78', os.name: 'Windows 8', os.arch: 'x86', os.version: '6.2', java.version: '1.8.0_60'
Driver info: driver.version: unknown
	at <anonymous class>.FirefoxDriver.prototype.findElementInternal_(file:///C:/Users/KQSPL_R/AppData/Local/Temp/anonymous3082836192954413839webdriver-profile/extensions/fxdriver@googlecode.com/components/driver-component.js:10659)
	at <anonymous class>.fxdriver.Timer.prototype.setTimeout/<.notify(file:///C:/Users/KQSPL_R/AppData/Local/Temp/anonymous3082836192954413839webdriver-profile/extensions/fxdriver@googlecode.com/components/driver-component.js:621)
]]>
    </failure>
  </testcase> <!-- account_is_blocked -->
  <testcase name="Fargot_password_enter_valid_data_in_company_employee_code" time="55.499" classname="com.zinghr.login.index.LoginIndex">
    <failure type="org.openqa.selenium.NoSuchElementException" message="Unable to locate element: {&quot;method&quot;:&quot;xpath&quot;,&quot;selector&quot;:&quot;.//span[contains(text(),&#039;Company Code Incorrect&#039;)]&quot;}
For documentation on this error, please visit: http://seleniumhq.org/exceptions/no_such_element.html
Build info: version: &#039;2.48.1&#039;, revision: &#039;d80083d&#039;, time: &#039;2015-10-08 21:11:00&#039;
System info: host: &#039;KQSPL-R&#039;, ip: &#039;192.168.1.78&#039;, os.name: &#039;Windows 8&#039;, os.arch: &#039;x86&#039;, os.version: &#039;6.2&#039;, java.version: &#039;1.8.0_60&#039;
Driver info: driver.version: unknown
Command duration or timeout: 30.46 seconds
For documentation on this error, please visit: http://seleniumhq.org/exceptions/no_such_element.html
Build info: version: &#039;2.47.1&#039;, revision: &#039;411b314&#039;, time: &#039;2015-07-30 03:03:16&#039;
System info: host: &#039;KQSPL-R&#039;, ip: &#039;192.168.1.78&#039;, os.name: &#039;Windows 8&#039;, os.arch: &#039;x86&#039;, os.version: &#039;6.2&#039;, java.version: &#039;1.8.0_60&#039;
Driver info: org.openqa.selenium.remote.RemoteWebDriver
Capabilities [{applicationCacheEnabled=true, rotatable=false, handlesAlerts=true, databaseEnabled=true, version=42.0, platform=WINDOWS, nativeEvents=false, acceptSslCerts=true, webdriver.remote.sessionid=7176c6d5-acae-4810-b02c-24b9d2dd6d23, webStorageEnabled=true, locationContextEnabled=true, browserName=firefox, takesScreenshot=true, javascriptEnabled=true, cssSelectorsEnabled=true}]
Session ID: 7176c6d5-acae-4810-b02c-24b9d2dd6d23
*** Element info: {Using=xpath, value=.//span[contains(text(),&#039;Company Code Incorrect&#039;)]}">
      <![CDATA[org.openqa.selenium.NoSuchElementException: Unable to locate element: {"method":"xpath","selector":".//span[contains(text(),'Company Code Incorrect')]"}
For documentation on this error, please visit: http://seleniumhq.org/exceptions/no_such_element.html
Build info: version: '2.48.1', revision: 'd80083d', time: '2015-10-08 21:11:00'
System info: host: 'KQSPL-R', ip: '192.168.1.78', os.name: 'Windows 8', os.arch: 'x86', os.version: '6.2', java.version: '1.8.0_60'
Driver info: driver.version: unknown
Command duration or timeout: 30.46 seconds
For documentation on this error, please visit: http://seleniumhq.org/exceptions/no_such_element.html
Build info: version: '2.47.1', revision: '411b314', time: '2015-07-30 03:03:16'
System info: host: 'KQSPL-R', ip: '192.168.1.78', os.name: 'Windows 8', os.arch: 'x86', os.version: '6.2', java.version: '1.8.0_60'
Driver info: org.openqa.selenium.remote.RemoteWebDriver
Capabilities [{applicationCacheEnabled=true, rotatable=false, handlesAlerts=true, databaseEnabled=true, version=42.0, platform=WINDOWS, nativeEvents=false, acceptSslCerts=true, webdriver.remote.sessionid=7176c6d5-acae-4810-b02c-24b9d2dd6d23, webStorageEnabled=true, locationContextEnabled=true, browserName=firefox, takesScreenshot=true, javascriptEnabled=true, cssSelectorsEnabled=true}]
Session ID: 7176c6d5-acae-4810-b02c-24b9d2dd6d23
*** Element info: {Using=xpath, value=.//span[contains(text(),'Company Code Incorrect')]}
	at sun.reflect.NativeConstructorAccessorImpl.newInstance0(Native Method)
	at sun.reflect.NativeConstructorAccessorImpl.newInstance(Unknown Source)
	at sun.reflect.DelegatingConstructorAccessorImpl.newInstance(Unknown Source)
	at java.lang.reflect.Constructor.newInstance(Unknown Source)
	at org.openqa.selenium.remote.ErrorHandler.createThrowable(ErrorHandler.java:206)
	at org.openqa.selenium.remote.ErrorHandler.throwIfResponseFailed(ErrorHandler.java:158)
	at org.openqa.selenium.remote.RemoteWebDriver.execute(RemoteWebDriver.java:595)
	at org.openqa.selenium.remote.RemoteWebDriver.findElement(RemoteWebDriver.java:348)
	at org.openqa.selenium.remote.RemoteWebDriver.findElementByXPath(RemoteWebDriver.java:445)
	at org.openqa.selenium.By$ByXPath.findElement(By.java:358)
	at org.openqa.selenium.remote.RemoteWebDriver.findElement(RemoteWebDriver.java:340)
	at com.zinghr.login.verification.LoginVerificationPage.Forgot_password_enter_valid_data_in_company_employee_code_verification(LoginVerificationPage.java:352)
	at com.zinghr.login.index.LoginIndex.Fargot_password_enter_valid_data_in_company_employee_code(LoginIndex.java:824)
	at sun.reflect.NativeMethodAccessorImpl.invoke0(Native Method)
	at sun.reflect.NativeMethodAccessorImpl.invoke(Unknown Source)
	at sun.reflect.DelegatingMethodAccessorImpl.invoke(Unknown Source)
	at java.lang.reflect.Method.invoke(Unknown Source)
	at org.testng.internal.MethodInvocationHelper.invokeMethod(MethodInvocationHelper.java:84)
	at org.testng.internal.Invoker.invokeMethod(Invoker.java:714)
	at org.testng.internal.Invoker.invokeTestMethod(Invoker.java:901)
	at org.testng.internal.Invoker.invokeTestMethods(Invoker.java:1231)
	at org.testng.internal.TestMethodWorker.invokeTestMethods(TestMethodWorker.java:127)
	at org.testng.internal.TestMethodWorker.run(TestMethodWorker.java:111)
	at org.testng.TestRunner.privateRun(TestRunner.java:767)
	at org.testng.TestRunner.run(TestRunner.java:617)
	at org.testng.SuiteRunner.runTest(SuiteRunner.java:334)
	at org.testng.SuiteRunner.access$000(SuiteRunner.java:37)
	at org.testng.SuiteRunner$SuiteWorker.run(SuiteRunner.java:368)
	at org.testng.internal.thread.ThreadUtil$2.call(ThreadUtil.java:64)
	at java.util.concurrent.FutureTask.run(Unknown Source)
	at java.util.concurrent.ThreadPoolExecutor.runWorker(Unknown Source)
	at java.util.concurrent.ThreadPoolExecutor$Worker.run(Unknown Source)
	at java.lang.Thread.run(Unknown Source)
Caused by: org.openqa.selenium.remote.ScreenshotException: Screen shot has been taken
Build info: version: '2.47.1', revision: '411b314', time: '2015-07-30 03:03:16'
System info: host: 'KQSPL-R', ip: '192.168.1.78', os.name: 'Windows 8', os.arch: 'x86', os.version: '6.2', java.version: '1.8.0_60'
Driver info: driver.version: RemoteWebDriver
	at org.openqa.selenium.remote.ErrorHandler.throwIfResponseFailed(ErrorHandler.java:138)
	... 27 more
Caused by: org.openqa.selenium.NoSuchElementException: Unable to locate element: {"method":"xpath","selector":".//span[contains(text(),'Company Code Incorrect')]"}
For documentation on this error, please visit: http://seleniumhq.org/exceptions/no_such_element.html
Build info: version: '2.48.1', revision: 'd80083d', time: '2015-10-08 21:11:00'
System info: host: 'KQSPL-R', ip: '192.168.1.78', os.name: 'Windows 8', os.arch: 'x86', os.version: '6.2', java.version: '1.8.0_60'
Driver info: driver.version: unknown
For documentation on this error, please visit: http://seleniumhq.org/exceptions/no_such_element.html
Build info: version: '2.47.1', revision: '411b314', time: '2015-07-30 03:03:16'
System info: host: 'KQSPL-R', ip: '192.168.1.78', os.name: 'Windows 8', os.arch: 'x86', os.version: '6.2', java.version: '1.8.0_60'
Driver info: driver.version: unknown
	at <anonymous class>.FirefoxDriver.prototype.findElementInternal_(file:///C:/Users/KQSPL_R/AppData/Local/Temp/anonymous8791730366274680773webdriver-profile/extensions/fxdriver@googlecode.com/components/driver-component.js:10659)
	at <anonymous class>.fxdriver.Timer.prototype.setTimeout/<.notify(file:///C:/Users/KQSPL_R/AppData/Local/Temp/anonymous8791730366274680773webdriver-profile/extensions/fxdriver@googlecode.com/components/driver-component.js:621)
]]>
    </failure>
  </testcase> <!-- Fargot_password_enter_valid_data_in_company_employee_code -->
  <testcase name="back_to_login_button" time="32.970" classname="com.zinghr.login.index.LoginIndex"/>
  <testcase name="after_account_is_blocked" time="32.087" classname="com.zinghr.login.index.LoginIndex"/>
</testsuite> <!-- com.zinghr.login.index.LoginIndex -->
